<?xml version="1.0" encoding="UTF-8"?>
<!-- Generated by org.testng.reporters.JUnitXMLReporter -->
<testsuite hostname="Darshans-MacBook-Pro.local" ignored="4" name="Test" tests="6" failures="0" timestamp="25 Nov 2019 10:18:52 GMT" time="0.378" errors="0">
  <testcase name="@BeforeClass setUp" time="0.2" classname="fmuTestExtent.Avisos">
    <failure type="java.lang.IllegalArgumentException" message="Can not set io.appium.java_client.ios.IOSElement field com.moofwd.pages.AvisosPageFactory.clickOnAvisosIos to org.openqa.selenium.remote.RemoteWebElement$$EnhancerByCGLIB$$d27c0df4">
      <![CDATA[java.lang.IllegalArgumentException: Can not set io.appium.java_client.ios.IOSElement field com.moofwd.pages.AvisosPageFactory.clickOnAvisosIos to org.openqa.selenium.remote.RemoteWebElement$$EnhancerByCGLIB$$d27c0df4
at org.openqa.selenium.support.PageFactory.proxyFields(PageFactory.java:117)
at org.openqa.selenium.support.PageFactory.initElements(PageFactory.java:105)
at com.moofwd.pages.AvisosPageFactory.<init>(AvisosPageFactory.java:28)
at fmuTestExtent.Avisos.setUp(Avisos.java:27)
... Removed 30 stack frames]]>
    </failure>
  </testcase> <!-- @BeforeClass setUp -->
  <testcase name="@AfterMethod getResult" time="0.0" classname="com.moofwd.base.TestBase">
    <skipped/>
  </testcase> <!-- @AfterMethod getResult -->
  <testcase name="@AfterMethod getResult" time="0.0" classname="com.moofwd.base.TestBase">
    <skipped/>
  </testcase> <!-- @AfterMethod getResult -->
  <testcase name="@BeforeMethod setUp" time="0.004" classname="fmuTestExtent.Finance">
    <failure type="java.lang.IllegalArgumentException" message="Can not set io.appium.java_client.ios.IOSElement field com.moofwd.pages.FinancePageFactory.clickOnFinanceIos to org.openqa.selenium.remote.RemoteWebElement$$EnhancerByCGLIB$$d27c0df4">
      <![CDATA[java.lang.IllegalArgumentException: Can not set io.appium.java_client.ios.IOSElement field com.moofwd.pages.FinancePageFactory.clickOnFinanceIos to org.openqa.selenium.remote.RemoteWebElement$$EnhancerByCGLIB$$d27c0df4
at org.openqa.selenium.support.PageFactory.proxyFields(PageFactory.java:117)
at org.openqa.selenium.support.PageFactory.initElements(PageFactory.java:105)
at com.moofwd.pages.FinancePageFactory.<init>(FinancePageFactory.java:26)
at fmuTestExtent.Finance.setUp(Finance.java:19)
... Removed 32 stack frames]]>
    </failure>
  </testcase> <!-- @BeforeMethod setUp -->
  <testcase name="@AfterMethod getResult" time="0.0" classname="com.moofwd.base.TestBase">
    <skipped/>
  </testcase> <!-- @AfterMethod getResult -->
  <testcase name="@BeforeMethod setUp" time="0.0" classname="fmuTestExtent.Finance">
    <skipped/>
  </testcase> <!-- @BeforeMethod setUp -->
  <testcase name="@AfterMethod getResult" time="0.0" classname="com.moofwd.base.TestBase">
    <skipped/>
  </testcase> <!-- @AfterMethod getResult -->
  <testcase name="@BeforeMethod setUp" time="0.0" classname="fmuTestExtent.Finance">
    <skipped/>
  </testcase> <!-- @BeforeMethod setUp -->
  <testcase name="@AfterMethod getResult" time="0.0" classname="com.moofwd.base.TestBase">
    <skipped/>
  </testcase> <!-- @AfterMethod getResult -->
  <testcase name="@BeforeMethod setUp" time="0.0" classname="fmuTestExtent.Finance">
    <skipped/>
  </testcase> <!-- @BeforeMethod setUp -->
  <testcase name="@AfterMethod getResult" time="0.0" classname="com.moofwd.base.TestBase">
    <skipped/>
  </testcase> <!-- @AfterMethod getResult -->
  <testcase name="click_On_Avisos" time="0.0" classname="fmuTestExtent.Avisos">
    <skipped/>
  </testcase> <!-- click_On_Avisos -->
  <testcase name="click_On_OneOf_Avisos" time="0.0" classname="fmuTestExtent.Avisos">
    <skipped/>
  </testcase> <!-- click_On_OneOf_Avisos -->
  <testcase name="clickOn_Finance" time="0.0" classname="fmuTestExtent.Finance">
    <skipped/>
  </testcase> <!-- clickOn_Finance -->
  <testcase name="clickOn_Download_Receipt" time="0.0" classname="fmuTestExtent.Finance">
    <skipped/>
  </testcase> <!-- clickOn_Download_Receipt -->
  <testcase name="clickOn_Close_PopUp_Finance" time="0.0" classname="fmuTestExtent.Finance">
    <skipped/>
  </testcase> <!-- clickOn_Close_PopUp_Finance -->
  <testcase name="clickOn_Paid" time="0.0" classname="fmuTestExtent.Finance">
    <skipped/>
  </testcase> <!-- clickOn_Paid -->
  <testcase name="@AfterSuite tearDown" time="0.0" classname="com.moofwd.base.TestBase">
    <ignored/>
  </testcase> <!-- @AfterSuite tearDown -->
  <testcase name="@AfterSuite tearDown" time="0.0" classname="com.moofwd.base.TestBase">
    <ignored/>
  </testcase> <!-- @AfterSuite tearDown -->
  <testcase name="@BeforeSuite init" time="0.0" classname="com.moofwd.base.TestBase">
    <ignored/>
  </testcase> <!-- @BeforeSuite init -->
  <testcase name="@BeforeSuite init" time="0.0" classname="com.moofwd.base.TestBase">
    <ignored/>
  </testcase> <!-- @BeforeSuite init -->
</testsuite> <!-- Test -->
